<?xml version="1.0" encoding="UTF-8"?>
<!-- Generated by org.testng.reporters.JUnitReportReporter -->
<testsuite hostname="DESKTOP-HVVI7I7" name="Academy.E2EProject.ValidateNavigationBar" tests="1" failures="0" timestamp="4 Aug 2020 22:56:59 GMT" time="0.082" errors="0">
  <testcase name="basePageNavigation" time="0.082" classname="Academy.E2EProject.ValidateNavigationBar"/>
</testsuite> <!-- Academy.E2EProject.ValidateNavigationBar -->
