<?xml version="1.0" encoding="UTF-8"?>
<!-- Generated by org.testng.reporters.JUnitReportReporter -->
<testsuite hostname="DESKTOP-HVVI7I7" name="Academy.E2EProject.HomePage" tests="2" failures="0" timestamp="4 Aug 2020 22:56:59 GMT" time="8.570" errors="0">
  <testcase name="basePageNavigation" time="6.340" classname="Academy.E2EProject.HomePage"/>
  <testcase name="basePageNavigation" time="2.230" classname="Academy.E2EProject.HomePage"/>
</testsuite> <!-- Academy.E2EProject.HomePage -->
